DATE: 02/07/2019                                    Albia Soccer Club Fundraiser                                            Page:  1
JAVETO05                                                ONeill----   DIVISION
                                                            Sales Report 

   Last Name        First Name       City        State Zip Code    Pop Type             Quantity      Deposit Amt      Total Sales

   Cole             Ronin            Pacific Gr   IA   25441-0152     Mellow Yellow         1              $.05            $19.91

   Patterson        Uriah            Rock Islan   MO   13164-7752         Diet Coke         1              $.00            $18.71

   Wong             Johnny           Escondido    IA   10323-3941              Coke         1              $.05            $19.91

   Pope             Korbin           FAIRE        WI   17670-0611              Coke         1              $.05            $19.91

   Cole             Ronin            Pacific Gr   IA   25441-0152     Mellow Yellow         1              $.05            $19.91

   Cole             Ronin            Pacific Gr   IA   25441-0152     Mellow Yellow         2              $.05            $39.82









DATE: 02/07/2019                                    Albia Soccer Club Fundraiser                                            Page:  1
JAVETO05                                                ONeill----   DIVISION
                                                            Sales Report 

   Last Name        First Name       City        State Zip Code    Pop Type             Quantity      Deposit Amt      Total Sales

Grand Totals:

               Coke       2             Diet Coke       1         Mellow Yellow       2      

        Cherry Coke       0      Diet Cherry Coke       0                Sprite       0      


Team Totals:

   A          $19.91

   B          $19.91

   C          $19.91

   D          $18.71

   E          $19.91

